<?xml version="1.0" encoding="UTF-8"?>
<!-- Generated by org.testng.reporters.JUnitXMLReporter -->
<testsuite ignored="5" hostname="DESKTOP-VGN6VUA" failures="0" tests="1" name="Default test" time="64.928" errors="0" timestamp="2024-09-18T14:04:47 IST">
  <testcase classname="tests.CloseLoadScenariosTest" name="VerifyiClientIsAbleToCloseMyLoadToBoth" time="53.261"/>
  <testcase classname="tests.CloseLoadScenariosTest" name="VerifyiClientIsAbleToCloseMyLoadOfVendor" time="0.0">
    <ignored/>
  </testcase> <!-- VerifyiClientIsAbleToCloseMyLoadOfVendor -->
  <testcase classname="tests.CloseLoadScenariosTest" name="VerifyiClientIsAbleToCloseCustomerLoadToBoth" time="0.0">
    <ignored/>
  </testcase> <!-- VerifyiClientIsAbleToCloseCustomerLoadToBoth -->
  <testcase classname="tests.CloseLoadScenariosTest" name="VerifyiClientIsAbleToCloseMyLoadToDriver" time="0.0">
    <ignored/>
  </testcase> <!-- VerifyiClientIsAbleToCloseMyLoadToDriver -->
  <testcase classname="tests.CloseLoadScenariosTest" name="VerifyiClientIsAbleToCloseCustomerLoadToDriver" time="0.0">
    <ignored/>
  </testcase> <!-- VerifyiClientIsAbleToCloseCustomerLoadToDriver -->
  <testcase classname="tests.CloseLoadScenariosTest" name="VerifyiClientIsAbleToCloseCustomerLoadToVendor" time="0.0">
    <ignored/>
  </testcase> <!-- VerifyiClientIsAbleToCloseCustomerLoadToVendor -->
</testsuite> <!-- Default test -->
