<?xml version="1.0" encoding="UTF-8"?>
<!-- Generated by org.testng.reporters.JUnitXMLReporter -->
<testsuite ignored="1" hostname="DESKTOP-VGN6VUA" failures="0" tests="7" name="Default test" time="95.206" errors="0" timestamp="2024-10-25T15:53:34 IST">
  <testcase classname="tests.UserTest" name="AVerifyUserIsAbleToLogin" time="21.297"/>
  <testcase classname="tests.UserTest" name="BVerifyUserIsAbleToAddManager" time="16.17"/>
  <testcase classname="tests.UserTest" name="CVerifyUserIsAbleToUploadDocument" time="17.72"/>
  <testcase classname="tests.UserTest" name="DVerifyUserIsAbleToAddMasterSetting" time="2.324"/>
  <testcase classname="tests.UserTest" name="EVerifyUserIsAbleToTaxClass" time="9.738"/>
  <testcase classname="tests.UserTest" name="FVerifyAdminLogin" time="12.198"/>
  <testcase classname="tests.UserTest" name="GVerifyIfAdminIsAbleToApproveClient" time="12.91"/>
  <testcase classname="tests.UserTest" name="AVerifyUserIsAbleToLoginn" time="0.0">
    <ignored/>
  </testcase> <!-- AVerifyUserIsAbleToLoginn -->
</testsuite> <!-- Default test -->
