<?xml version="1.0" encoding="UTF-8"?>
<!-- Generated by org.testng.reporters.JUnitXMLReporter -->
<testsuite ignored="6" hostname="DESKTOP-VGN6VUA" failures="0" tests="10" name="Create Customer Load By dropdown" time="309.706" errors="0" timestamp="2024-09-16T16:36:56 IST">
  <testcase classname="tests.CreateLoadTest" name="CreateLoadViaDropdown" time="29.522"/>
  <testcase classname="tests.CreateLoadTest" name="CreateLoadViaDropdown" time="30.004"/>
  <testcase classname="tests.CreateLoadTest" name="CreateLoadViaDropdown" time="29.128"/>
  <testcase classname="tests.CreateLoadTest" name="CreateLoadViaDropdown" time="29.152"/>
  <testcase classname="tests.CreateLoadTest" name="CreateLoadViaDropdown" time="28.883"/>
  <testcase classname="tests.CreateLoadTest" name="CreateLoadViaDropdown" time="29.265"/>
  <testcase classname="tests.CreateLoadTest" name="CreateLoadViaDropdown" time="29.933"/>
  <testcase classname="tests.CreateLoadTest" name="CreateLoadViaDropdown" time="30.218"/>
  <testcase classname="tests.CreateLoadTest" name="CreateLoadViaDropdown" time="29.6"/>
  <testcase classname="tests.CreateLoadTest" name="CreateLoadViaDropdown" time="29.218"/>
  <testcase classname="tests.CreateLoadTest" name="dispatchLoadToDriver" time="0.0">
    <ignored/>
  </testcase> <!-- dispatchLoadToDriver -->
  <testcase classname="tests.CreateLoadTest" name="VerifyUserIsAbleToAddCustomerLoadInfo" time="0.0">
    <ignored/>
  </testcase> <!-- VerifyUserIsAbleToAddCustomerLoadInfo -->
  <testcase classname="tests.CreateLoadTest" name="assignLoadToVendor" time="0.0">
    <ignored/>
  </testcase> <!-- assignLoadToVendor -->
  <testcase classname="tests.CreateLoadTest" name="VerifyUserIsAbleToAddCustomerInfo" time="0.0">
    <ignored/>
  </testcase> <!-- VerifyUserIsAbleToAddCustomerInfo -->
  <testcase classname="tests.CreateLoadTest" name="VerifyUserIsAbleToAddCustomerOrderInfo" time="0.0">
    <ignored/>
  </testcase> <!-- VerifyUserIsAbleToAddCustomerOrderInfo -->
  <testcase classname="tests.CreateLoadTest" name="IsMyLoadTrue" time="0.0">
    <ignored/>
  </testcase> <!-- IsMyLoadTrue -->
</testsuite> <!-- Create Customer Load By dropdown -->
