<?xml version="1.0" encoding="UTF-8"?>
<!-- Generated by org.testng.reporters.JUnitXMLReporter -->
<testsuite ignored="6" hostname="DESKTOP-VGN6VUA" failures="0" tests="1" name="Create Customer Load" time="73.212" errors="0" timestamp="2024-09-16T16:45:14 IST">
  <testcase classname="tests.CreateLoadTest" name="VerifyUserIsAbleToAddCustomerInfo" time="34.033"/>
  <testcase classname="tests.CreateLoadTest" name="dispatchLoadToDriver" time="0.0">
    <ignored/>
  </testcase> <!-- dispatchLoadToDriver -->
  <testcase classname="tests.CreateLoadTest" name="VerifyUserIsAbleToAddCustomerLoadInfo" time="0.0">
    <ignored/>
  </testcase> <!-- VerifyUserIsAbleToAddCustomerLoadInfo -->
  <testcase classname="tests.CreateLoadTest" name="CreateLoadViaDropdown" time="0.0">
    <ignored/>
  </testcase> <!-- CreateLoadViaDropdown -->
  <testcase classname="tests.CreateLoadTest" name="assignLoadToVendor" time="0.0">
    <ignored/>
  </testcase> <!-- assignLoadToVendor -->
  <testcase classname="tests.CreateLoadTest" name="VerifyUserIsAbleToAddCustomerOrderInfo" time="0.0">
    <ignored/>
  </testcase> <!-- VerifyUserIsAbleToAddCustomerOrderInfo -->
  <testcase classname="tests.CreateLoadTest" name="IsMyLoadTrue" time="0.0">
    <ignored/>
  </testcase> <!-- IsMyLoadTrue -->
</testsuite> <!-- Create Customer Load -->
