<?xml version="1.0" encoding="UTF-8"?>
<!-- Generated by org.testng.reporters.JUnitXMLReporter -->
<testsuite ignored="4" hostname="DESKTOP-VGN6VUA" failures="0" tests="2" name="My Load Dispatched To Driver" time="59.536" errors="0" timestamp="2024-09-10T12:11:24 IST">
  <testcase classname="tests.CreateLoadTest" name="IsMyLoadTrue" time="22.091"/>
  <testcase classname="tests.CreateLoadTest" name="dispatchLoadToDriver" time="22.063"/>
  <testcase classname="tests.CreateLoadTest" name="VerifyUserIsAbleToAddCustomerInfo" time="0.0">
    <ignored/>
  </testcase> <!-- VerifyUserIsAbleToAddCustomerInfo -->
  <testcase classname="tests.CreateLoadTest" name="VerifyUserIsAbleToAddCustomerOrderInfo" time="0.0">
    <ignored/>
  </testcase> <!-- VerifyUserIsAbleToAddCustomerOrderInfo -->
  <testcase classname="tests.CreateLoadTest" name="assignLoadToVendor" time="0.0">
    <ignored/>
  </testcase> <!-- assignLoadToVendor -->
  <testcase classname="tests.CreateLoadTest" name="VerifyUserIsAbleToAddCustomerLoadInfo" time="0.0">
    <ignored/>
  </testcase> <!-- VerifyUserIsAbleToAddCustomerLoadInfo -->
</testsuite> <!-- My Load Dispatched To Driver -->
